<!DOCTYPE html>

<html>
  <head>
  <meta charset='utf-8'>
  <title>TestNG reports</title>

    <link type="text/css" href="testng-reports1.css" rel="stylesheet" id="ultra" />
    <link type="text/css" href="testng-reports.css" rel="stylesheet" id="retro" disabled="false"/>
    <script type="text/javascript" src="jquery-3.6.0.min.js"></script>
    <script type="text/javascript" src="testng-reports.js"></script>
    <script type="text/javascript" src="https://www.google.com/jsapi"></script>
    <script type='text/javascript'>
      google.load('visualization', '1', {packages:['table']});
      google.setOnLoadCallback(drawTable);
      var suiteTableInitFunctions = new Array();
      var suiteTableData = new Array();
    </script>
    <!--
      <script type="text/javascript" src="jquery-ui/js/jquery-ui-1.8.16.custom.min.js"></script>
     -->
  </head>

  <body>    <div class="top-banner-root">
      <span class="top-banner-title-font">Test results</span>
      <button id="button" class="button">Switch Retro Theme</button> <!-- button -->
      <br/>
      <span class="top-banner-font-1">1 suite, 13 failed tests</span>
    </div> <!-- top-banner-root -->
    <div class="navigator-root">
      <div class="navigator-suite-header">
        <span>All suites</span>
        <a href="#" title="Collapse/expand all the suites" class="collapse-all-link">
          <img src="collapseall.gif" class="collapse-all-icon">
          </img> <!-- collapse-all-icon -->
        </a> <!-- collapse-all-link -->
      </div> <!-- navigator-suite-header -->
      <div class="suite">
        <div class="rounded-window">
          <div class="suite-header light-rounded-window-top">
            <a href="#" panel-name="suite-Default_suite" class="navigator-link">
              <span class="suite-name border-failed">Default suite</span>
            </a> <!-- navigator-link -->
          </div> <!-- suite-header light-rounded-window-top -->
          <div class="navigator-suite-content">
            <div class="suite-section-title">
              <span>Info</span>
            </div> <!-- suite-section-title -->
            <div class="suite-section-content">
              <ul>
                <li>
                  <a href="#" panel-name="test-xml-Default_suite" class="navigator-link ">
                    <span>C:\Users\Ashok\AppData\Local\Temp\testng-eclipse-624085408\testng-customsuite.xml</span>
                  </a> <!-- navigator-link  -->
                </li>
                <li>
                  <a href="#" panel-name="testlist-Default_suite" class="navigator-link ">
                    <span class="test-stats">1 test</span>
                  </a> <!-- navigator-link  -->
                </li>
                <li>
                  <a href="#" panel-name="group-Default_suite" class="navigator-link ">
                    <span>1 group</span>
                  </a> <!-- navigator-link  -->
                </li>
                <li>
                  <a href="#" panel-name="times-Default_suite" class="navigator-link ">
                    <span>Times</span>
                  </a> <!-- navigator-link  -->
                </li>
                <li>
                  <a href="#" panel-name="reporter-Default_suite" class="navigator-link ">
                    <span>Reporter output</span>
                  </a> <!-- navigator-link  -->
                </li>
                <li>
                  <a href="#" panel-name="ignored-methods-Default_suite" class="navigator-link ">
                    <span>Ignored methods</span>
                  </a> <!-- navigator-link  -->
                </li>
                <li>
                  <a href="#" panel-name="chronological-Default_suite" class="navigator-link ">
                    <span>Chronological view</span>
                  </a> <!-- navigator-link  -->
                </li>
              </ul>
            </div> <!-- suite-section-content -->
            <div class="result-section">
              <div class="suite-section-title">
                <span>Results</span>
              </div> <!-- suite-section-title -->
              <div class="suite-section-content">
                <ul>
                  <li>
                    <span class="method-stats">20 methods, 13 failed,   7 passed</span>
                  </li>
                  <li>
                    <span class="method-list-title failed">Failed methods</span>
                    <span class="show-or-hide-methods failed">
                      <a href="#" panel-name="suite-Default_suite" class="hide-methods failed suite-Default_suite"> (hide)</a> <!-- hide-methods failed suite-Default_suite -->
                      <a href="#" panel-name="suite-Default_suite" class="show-methods failed suite-Default_suite"> (show)</a> <!-- show-methods failed suite-Default_suite -->
                    </span>
                    <div class="method-list-content failed suite-Default_suite">
                      <span>
                        <img src="failed.png" width="3%"/>
                        <a href="#" panel-name="suite-Default_suite" title="parallel.ParallelRun" class="method navigator-link" hash-for-method="runScenario(&quot;General Legal upload JPEG file upload&quot;, &quot;PersonalVault General Legal Information of Uploading Diffe...)">runScenario("General Legal upload JPEG file upload", "PersonalVault General Legal Information of Uploading Diffe...)</a> <!-- method navigator-link -->
                      </span>
                      <br/>
                      <span>
                        <img src="failed.png" width="3%"/>
                        <a href="#" panel-name="suite-Default_suite" title="parallel.ParallelRun" class="method navigator-link" hash-for-method="runScenario(&quot;Legacy Video Record Workflow&quot;, &quot;Legacy Video Record&quot;)">runScenario("Legacy Video Record Workflow", "Legacy Video Record")</a> <!-- method navigator-link -->
                      </span>
                      <br/>
                      <span>
                        <img src="failed.png" width="3%"/>
                        <a href="#" panel-name="suite-Default_suite" title="parallel.ParallelRun" class="method navigator-link" hash-for-method="runScenario(&quot;General Legal upload TXT file upload&quot;, &quot;PersonalVault General Legal Information of Uploading Differ...)">runScenario("General Legal upload TXT file upload", "PersonalVault General Legal Information of Uploading Differ...)</a> <!-- method navigator-link -->
                      </span>
                      <br/>
                      <span>
                        <img src="failed.png" width="3%"/>
                        <a href="#" panel-name="suite-Default_suite" title="parallel.ParallelRun" class="method navigator-link" hash-for-method="runScenario(&quot;Share upload link functionality&quot;, &quot;Personal Vault Share Upload&quot;)">runScenario("Share upload link functionality", "Personal Vault Share Upload")</a> <!-- method navigator-link -->
                      </span>
                      <br/>
                      <span>
                        <img src="failed.png" width="3%"/>
                        <a href="#" panel-name="suite-Default_suite" title="parallel.ParallelRun" class="method navigator-link" hash-for-method="runScenario(&quot;Add and Verify a Medical Document&quot;, &quot;Medical Document Management Feature&quot;)">runScenario("Add and Verify a Medical Document", "Medical Document Management Feature")</a> <!-- method navigator-link -->
                      </span>
                      <br/>
                      <span>
                        <img src="failed.png" width="3%"/>
                        <a href="#" panel-name="suite-Default_suite" title="parallel.ParallelRun" class="method navigator-link" hash-for-method="runScenario(&quot;Login with valid credentials&quot;, &quot;login page feature&quot;)">runScenario("Login with valid credentials", "login page feature")</a> <!-- method navigator-link -->
                      </span>
                      <br/>
                      <span>
                        <img src="failed.png" width="3%"/>
                        <a href="#" panel-name="suite-Default_suite" title="parallel.ParallelRun" class="method navigator-link" hash-for-method="runScenario(&quot;User Adds a Folder Under Subscriber Folder and Uploads a File into the New Folder&quot;, &quot;Upload a file ...)">runScenario("User Adds a Folder Under Subscriber Folder and Uploads a File into the New Folder", "Upload a file ...)</a> <!-- method navigator-link -->
                      </span>
                      <br/>
                      <span>
                        <img src="failed.png" width="3%"/>
                        <a href="#" panel-name="suite-Default_suite" title="parallel.ParallelRun" class="method navigator-link" hash-for-method="runScenario(&quot;General Legal upload JPG file upload&quot;, &quot;PersonalVault General Legal Information of Uploading Differ...)">runScenario("General Legal upload JPG file upload", "PersonalVault General Legal Information of Uploading Differ...)</a> <!-- method navigator-link -->
                      </span>
                      <br/>
                      <span>
                        <img src="failed.png" width="3%"/>
                        <a href="#" panel-name="suite-Default_suite" title="parallel.ParallelRun" class="method navigator-link" hash-for-method="runScenario(&quot;Add a Custom Folder and Verify Success&quot;, &quot;File Management Feature&quot;)">runScenario("Add a Custom Folder and Verify Success", "File Management Feature")</a> <!-- method navigator-link -->
                      </span>
                      <br/>
                      <span>
                        <img src="failed.png" width="3%"/>
                        <a href="#" panel-name="suite-Default_suite" title="parallel.ParallelRun" class="method navigator-link" hash-for-method="runScenario(&quot;General Legal upload XLSX file upload&quot;, &quot;PersonalVault General Legal Information of Uploading Diffe...)">runScenario("General Legal upload XLSX file upload", "PersonalVault General Legal Information of Uploading Diffe...)</a> <!-- method navigator-link -->
                      </span>
                      <br/>
                      <span>
                        <img src="failed.png" width="3%"/>
                        <a href="#" panel-name="suite-Default_suite" title="parallel.ParallelRun" class="method navigator-link" hash-for-method="runScenario(&quot;User uploads a file into VaccineCards folder&quot;, &quot;Medical Document Management Feature&quot;)">runScenario("User uploads a file into VaccineCards folder", "Medical Document Management Feature")</a> <!-- method navigator-link -->
                      </span>
                      <br/>
                      <span>
                        <img src="failed.png" width="3%"/>
                        <a href="#" panel-name="suite-Default_suite" title="parallel.ParallelRun" class="method navigator-link" hash-for-method="runScenario(&quot;General Legal upload PNG file upload&quot;, &quot;PersonalVault General Legal Information of Uploading Differ...)">runScenario("General Legal upload PNG file upload", "PersonalVault General Legal Information of Uploading Differ...)</a> <!-- method navigator-link -->
                      </span>
                      <br/>
                      <span>
                        <img src="failed.png" width="3%"/>
                        <a href="#" panel-name="suite-Default_suite" title="parallel.ParallelRun" class="method navigator-link" hash-for-method="runScenario(&quot;User takes the picture functionality&quot;, &quot;Medical Document Management Feature&quot;)">runScenario("User takes the picture functionality", "Medical Document Management Feature")</a> <!-- method navigator-link -->
                      </span>
                      <br/>
                    </div> <!-- method-list-content failed suite-Default_suite -->
                  </li>
                  <li>
                    <span class="method-list-title passed">Passed methods</span>
                    <span class="show-or-hide-methods passed">
                      <a href="#" panel-name="suite-Default_suite" class="hide-methods passed suite-Default_suite"> (hide)</a> <!-- hide-methods passed suite-Default_suite -->
                      <a href="#" panel-name="suite-Default_suite" class="show-methods passed suite-Default_suite"> (show)</a> <!-- show-methods passed suite-Default_suite -->
                    </span>
                    <div class="method-list-content passed suite-Default_suite">
                      <span>
                        <img src="passed.png" width="3%"/>
                        <a href="#" panel-name="suite-Default_suite" title="parallel.ParallelRun" class="method navigator-link" hash-for-method="runScenario(&quot;General Legal upload PDF file upload&quot;, &quot;PersonalVault General Legal Information of Uploading Differ...)">runScenario("General Legal upload PDF file upload", "PersonalVault General Legal Information of Uploading Differ...)</a> <!-- method navigator-link -->
                      </span>
                      <br/>
                      <span>
                        <img src="passed.png" width="3%"/>
                        <a href="#" panel-name="suite-Default_suite" title="parallel.ParallelRun" class="method navigator-link" hash-for-method="runScenario(&quot;Accounts page title&quot;, &quot;Account Page feature&quot;)">runScenario("Accounts page title", "Account Page feature")</a> <!-- method navigator-link -->
                      </span>
                      <br/>
                      <span>
                        <img src="passed.png" width="3%"/>
                        <a href="#" panel-name="suite-Default_suite" title="parallel.ParallelRun" class="method navigator-link" hash-for-method="runScenario(&quot;Uploading a file using Add option under Photos videos&quot;, &quot;Upload a file functionality into Photos an...)">runScenario("Uploading a file using Add option under Photos videos", "Upload a file functionality into Photos an...)</a> <!-- method navigator-link -->
                      </span>
                      <br/>
                      <span>
                        <img src="passed.png" width="3%"/>
                        <a href="#" panel-name="suite-Default_suite" title="parallel.ParallelRun" class="method navigator-link" hash-for-method="runScenario(&quot;Login page title&quot;, &quot;login page feature&quot;)">runScenario("Login page title", "login page feature")</a> <!-- method navigator-link -->
                      </span>
                      <br/>
                      <span>
                        <img src="passed.png" width="3%"/>
                        <a href="#" panel-name="suite-Default_suite" title="parallel.ParallelRun" class="method navigator-link" hash-for-method="runScenario(&quot;Accounts section count&quot;, &quot;Account Page feature&quot;)">runScenario("Accounts section count", "Account Page feature")</a> <!-- method navigator-link -->
                      </span>
                      <br/>
                      <span>
                        <img src="passed.png" width="3%"/>
                        <a href="#" panel-name="suite-Default_suite" title="parallel.ParallelRun" class="method navigator-link" hash-for-method="runScenario(&quot;Uploading a file using Click to Upload&quot;, &quot;Upload a file functionality into Photos and Videos&quot;)">runScenario("Uploading a file using Click to Upload", "Upload a file functionality into Photos and Videos")</a> <!-- method navigator-link -->
                      </span>
                      <br/>
                      <span>
                        <img src="passed.png" width="3%"/>
                        <a href="#" panel-name="suite-Default_suite" title="parallel.ParallelRun" class="method navigator-link" hash-for-method="runScenario(&quot;User Creates Monthly Recurring Calendar Event with Reminder&quot;, &quot;Calendar Event Creation with Recurri...)">runScenario("User Creates Monthly Recurring Calendar Event with Reminder", "Calendar Event Creation with Recurri...)</a> <!-- method navigator-link -->
                      </span>
                      <br/>
                    </div> <!-- method-list-content passed suite-Default_suite -->
                  </li>
                </ul>
              </div> <!-- suite-section-content -->
            </div> <!-- result-section -->
          </div> <!-- navigator-suite-content -->
        </div> <!-- rounded-window -->
      </div> <!-- suite -->
    </div> <!-- navigator-root -->
    <div class="wrapper">
      <div class="main-panel-root">
        <div panel-name="suite-Default_suite" class="panel Default_suite">
          <div class="suite-Default_suite-class-failed">
            <div class="main-panel-header rounded-window-top">
              <img src="failed.png"/>
              <span class="class-name">parallel.ParallelRun</span>
            </div> <!-- main-panel-header rounded-window-top -->
            <div class="main-panel-content rounded-window-bottom">
              <div class="method">
                <div class="method-content">
                  <a name="runScenario(&quot;General Legal upload JPEG file upload&quot;, &quot;PersonalVault General Legal Information of Uploading Diffe...)">
                  </a> <!-- runScenario("General Legal upload JPEG file upload", "PersonalVault General Legal Information of Uploading Diffe...) -->
                  <span class="method-name">runScenario</span>
                  <span class="parameters">("General Legal upload JPEG file upload","PersonalVault General Legal Information of Uploading Different file types")</span>
                  <div class="stack-trace">org.openqa.selenium.NoSuchElementException: no such element: Unable to locate element: {&quot;method&quot;:&quot;xpath&quot;,&quot;selector&quot;:&quot;//p[contains(text(),&apos;General Legal Information&apos;)]&quot;}
  (Session info: chrome=122.0.6261.95)
For documentation on this error, please visit: https://www.selenium.dev/documentation/webdriver/troubleshooting/errors#no-such-element-exception
Build info: version: &apos;4.16.1&apos;, revision: &apos;9b4c83354e&apos;
System info: os.name: &apos;Windows 11&apos;, os.arch: &apos;amd64&apos;, os.version: &apos;10.0&apos;, java.version: &apos;17.0.7&apos;
Driver info: org.openqa.selenium.chrome.ChromeDriver
Command: [c851ba88f77f096d4433a1714061f73b, findElement {using=xpath, value=//p[contains(text(),&apos;General Legal Information&apos;)]}]
Capabilities {acceptInsecureCerts: false, browserName: chrome, browserVersion: 122.0.6261.95, chrome: {chromedriverVersion: 122.0.6261.94 (880dbf29479c..., userDataDir: C:\Users\Ashok\AppData\Loca...}, fedcm:accounts: true, goog:chromeOptions: {debuggerAddress: localhost:56725}, networkConnectionEnabled: false, pageLoadStrategy: normal, platformName: windows, proxy: Proxy(), se:cdp: ws://localhost:56725/devtoo..., se:cdpVersion: 122.0.6261.95, setWindowRect: true, strictFileInteractability: false, timeouts: {implicit: 0, pageLoad: 300000, script: 30000}, unhandledPromptBehavior: dismiss and notify, webauthn:extension:credBlob: true, webauthn:extension:largeBlob: true, webauthn:extension:minPinLength: true, webauthn:extension:prf: true, webauthn:virtualAuthenticators: true}
Session ID: c851ba88f77f096d4433a1714061f73b
	at jdk.internal.reflect.GeneratedConstructorAccessor16.newInstance(Unknown Source)
	at java.base/jdk.internal.reflect.DelegatingConstructorAccessorImpl.newInstance(DelegatingConstructorAccessorImpl.java:45)
	at java.base/java.lang.reflect.Constructor.newInstanceWithCaller(Constructor.java:499)
	at java.base/java.lang.reflect.Constructor.newInstance(Constructor.java:480)
	at org.openqa.selenium.remote.codec.w3c.W3CHttpResponseCodec.createException(W3CHttpResponseCodec.java:200)
	at org.openqa.selenium.remote.codec.w3c.W3CHttpResponseCodec.decode(W3CHttpResponseCodec.java:133)
	at org.openqa.selenium.remote.codec.w3c.W3CHttpResponseCodec.decode(W3CHttpResponseCodec.java:52)
	at org.openqa.selenium.remote.HttpCommandExecutor.execute(HttpCommandExecutor.java:191)
	at org.openqa.selenium.remote.service.DriverCommandExecutor.invokeExecute(DriverCommandExecutor.java:200)
	at org.openqa.selenium.remote.service.DriverCommandExecutor.execute(DriverCommandExecutor.java:175)
	at org.openqa.selenium.remote.RemoteWebDriver.execute(RemoteWebDriver.java:523)
	at org.openqa.selenium.remote.ElementLocation$ElementFinder$2.findElement(ElementLocation.java:165)
	at org.openqa.selenium.remote.ElementLocation.findElement(ElementLocation.java:59)
	at org.openqa.selenium.remote.RemoteWebDriver.findElement(RemoteWebDriver.java:360)
	at org.openqa.selenium.remote.RemoteWebDriver.findElement(RemoteWebDriver.java:354)
	at com.Pages.GeneralLegalPage_PersonalVault.clickgenerallegal(GeneralLegalPage_PersonalVault.java:28)
	at parallel.GeneralLegalPage_PersonalVaultSteps.user_clicks_on_general_legal_information(GeneralLegalPage_PersonalVaultSteps.java:18)
	at ✽.user clicks on general legal information(classpath:parallel/GeneralLegalPage_PersonalVault.feature:72)

</div> <!-- stack-trace -->
                  <em>
(Runs Cucumber Scenarios)                  </em>
                </div> <!-- method-content -->
              </div> <!-- method -->
              <div class="method">
                <div class="method-content">
                  <a name="runScenario(&quot;Legacy Video Record Workflow&quot;, &quot;Legacy Video Record&quot;)">
                  </a> <!-- runScenario("Legacy Video Record Workflow", "Legacy Video Record") -->
                  <span class="method-name">runScenario</span>
                  <span class="parameters">("Legacy Video Record Workflow","Legacy Video Record")</span>
                  <div class="stack-trace">org.openqa.selenium.NoSuchElementException: no such element: Unable to locate element: {&quot;method&quot;:&quot;xpath&quot;,&quot;selector&quot;:&quot;//a[text()=&apos;Log In&apos;]&quot;}
  (Session info: chrome=122.0.6261.95)
For documentation on this error, please visit: https://www.selenium.dev/documentation/webdriver/troubleshooting/errors#no-such-element-exception
Build info: version: &apos;4.16.1&apos;, revision: &apos;9b4c83354e&apos;
System info: os.name: &apos;Windows 11&apos;, os.arch: &apos;amd64&apos;, os.version: &apos;10.0&apos;, java.version: &apos;17.0.7&apos;
Driver info: org.openqa.selenium.chrome.ChromeDriver
Command: [dc108717bb3807f6a9931caba89b5dd7, findElement {using=xpath, value=//a[text()=&apos;Log In&apos;]}]
Capabilities {acceptInsecureCerts: false, browserName: chrome, browserVersion: 122.0.6261.95, chrome: {chromedriverVersion: 122.0.6261.94 (880dbf29479c..., userDataDir: C:\Users\Ashok\AppData\Loca...}, fedcm:accounts: true, goog:chromeOptions: {debuggerAddress: localhost:56841}, networkConnectionEnabled: false, pageLoadStrategy: normal, platformName: windows, proxy: Proxy(), se:cdp: ws://localhost:56841/devtoo..., se:cdpVersion: 122.0.6261.95, setWindowRect: true, strictFileInteractability: false, timeouts: {implicit: 0, pageLoad: 300000, script: 30000}, unhandledPromptBehavior: dismiss and notify, webauthn:extension:credBlob: true, webauthn:extension:largeBlob: true, webauthn:extension:minPinLength: true, webauthn:extension:prf: true, webauthn:virtualAuthenticators: true}
Session ID: dc108717bb3807f6a9931caba89b5dd7
	at jdk.internal.reflect.GeneratedConstructorAccessor16.newInstance(Unknown Source)
	at java.base/jdk.internal.reflect.DelegatingConstructorAccessorImpl.newInstance(DelegatingConstructorAccessorImpl.java:45)
	at java.base/java.lang.reflect.Constructor.newInstanceWithCaller(Constructor.java:499)
	at java.base/java.lang.reflect.Constructor.newInstance(Constructor.java:480)
	at org.openqa.selenium.remote.codec.w3c.W3CHttpResponseCodec.createException(W3CHttpResponseCodec.java:200)
	at org.openqa.selenium.remote.codec.w3c.W3CHttpResponseCodec.decode(W3CHttpResponseCodec.java:133)
	at org.openqa.selenium.remote.codec.w3c.W3CHttpResponseCodec.decode(W3CHttpResponseCodec.java:52)
	at org.openqa.selenium.remote.HttpCommandExecutor.execute(HttpCommandExecutor.java:191)
	at org.openqa.selenium.remote.service.DriverCommandExecutor.invokeExecute(DriverCommandExecutor.java:200)
	at org.openqa.selenium.remote.service.DriverCommandExecutor.execute(DriverCommandExecutor.java:175)
	at org.openqa.selenium.remote.RemoteWebDriver.execute(RemoteWebDriver.java:523)
	at org.openqa.selenium.remote.ElementLocation$ElementFinder$2.findElement(ElementLocation.java:165)
	at org.openqa.selenium.remote.ElementLocation.findElement(ElementLocation.java:59)
	at org.openqa.selenium.remote.RemoteWebDriver.findElement(RemoteWebDriver.java:360)
	at org.openqa.selenium.remote.RemoteWebDriver.findElement(RemoteWebDriver.java:354)
	at com.Pages.LoginPage.landPageLoginOption(LoginPage.java:32)
	at parallel.LoginPageSteps.user_clicks_on_landing_page_login(LoginPageSteps.java:41)
	at ✽.user clicks on LandingPageLogin(classpath:parallel/LegacyVideoRecord.feature:5)

</div> <!-- stack-trace -->
                  <em>
(Runs Cucumber Scenarios)                  </em>
                </div> <!-- method-content -->
              </div> <!-- method -->
              <div class="method">
                <div class="method-content">
                  <a name="runScenario(&quot;General Legal upload TXT file upload&quot;, &quot;PersonalVault General Legal Information of Uploading Differ...)">
                  </a> <!-- runScenario("General Legal upload TXT file upload", "PersonalVault General Legal Information of Uploading Differ...) -->
                  <span class="method-name">runScenario</span>
                  <span class="parameters">("General Legal upload TXT file upload","PersonalVault General Legal Information of Uploading Different file types")</span>
                  <div class="stack-trace">org.openqa.selenium.InvalidArgumentException: invalid argument: File not found : C:\Users\Ashok\Downloads\Passport6.jpeg
  (Session info: chrome=122.0.6261.95)
Build info: version: &apos;4.16.1&apos;, revision: &apos;9b4c83354e&apos;
System info: os.name: &apos;Windows 11&apos;, os.arch: &apos;amd64&apos;, os.version: &apos;10.0&apos;, java.version: &apos;17.0.7&apos;
Driver info: org.openqa.selenium.chrome.ChromeDriver
Command: [c6b13e219745bc373f4c3a47dca26ce9, sendKeysToElement {id=f.5D2152E7DEF65CC90684DC2210360B00.d.9D4FBB2B5D43A47C82DCFD958F0AE322.e.72, value=[Ljava.lang.CharSequence;@2fa73cde}]
Capabilities {acceptInsecureCerts: false, browserName: chrome, browserVersion: 122.0.6261.95, chrome: {chromedriverVersion: 122.0.6261.94 (880dbf29479c..., userDataDir: C:\Users\Ashok\AppData\Loca...}, fedcm:accounts: true, goog:chromeOptions: {debuggerAddress: localhost:56726}, networkConnectionEnabled: false, pageLoadStrategy: normal, platformName: windows, proxy: Proxy(), se:cdp: ws://localhost:56726/devtoo..., se:cdpVersion: 122.0.6261.95, setWindowRect: true, strictFileInteractability: false, timeouts: {implicit: 0, pageLoad: 300000, script: 30000}, unhandledPromptBehavior: dismiss and notify, webauthn:extension:credBlob: true, webauthn:extension:largeBlob: true, webauthn:extension:minPinLength: true, webauthn:extension:prf: true, webauthn:virtualAuthenticators: true}
Element: [[ChromeDriver: chrome on windows (c6b13e219745bc373f4c3a47dca26ce9)] -&gt; xpath: //input[@id=&apos;file-upload&apos;]]
Session ID: c6b13e219745bc373f4c3a47dca26ce9
	at java.base/jdk.internal.reflect.NativeConstructorAccessorImpl.newInstance0(Native Method)
	at java.base/jdk.internal.reflect.NativeConstructorAccessorImpl.newInstance(NativeConstructorAccessorImpl.java:77)
	at java.base/jdk.internal.reflect.DelegatingConstructorAccessorImpl.newInstance(DelegatingConstructorAccessorImpl.java:45)
	at java.base/java.lang.reflect.Constructor.newInstanceWithCaller(Constructor.java:499)
	at java.base/java.lang.reflect.Constructor.newInstance(Constructor.java:480)
	at org.openqa.selenium.remote.codec.w3c.W3CHttpResponseCodec.createException(W3CHttpResponseCodec.java:200)
	at org.openqa.selenium.remote.codec.w3c.W3CHttpResponseCodec.decode(W3CHttpResponseCodec.java:133)
	at org.openqa.selenium.remote.codec.w3c.W3CHttpResponseCodec.decode(W3CHttpResponseCodec.java:52)
	at org.openqa.selenium.remote.HttpCommandExecutor.execute(HttpCommandExecutor.java:191)
	at org.openqa.selenium.remote.service.DriverCommandExecutor.invokeExecute(DriverCommandExecutor.java:200)
	at org.openqa.selenium.remote.service.DriverCommandExecutor.execute(DriverCommandExecutor.java:175)
	at org.openqa.selenium.remote.RemoteWebDriver.execute(RemoteWebDriver.java:523)
	at org.openqa.selenium.remote.RemoteWebElement.execute(RemoteWebElement.java:224)
	at org.openqa.selenium.remote.RemoteWebElement.sendKeys(RemoteWebElement.java:111)
	at com.Pages.GeneralLegalPage_PersonalVault.uploadfile(GeneralLegalPage_PersonalVault.java:40)
	at parallel.GeneralLegalPage_PersonalVaultSteps.user_clicks_on_upload_file(GeneralLegalPage_PersonalVaultSteps.java:37)
	at ✽.user clicks on upload file5(classpath:parallel/GeneralLegalPage_PersonalVault.feature:87)

</div> <!-- stack-trace -->
                  <em>
(Runs Cucumber Scenarios)                  </em>
                </div> <!-- method-content -->
              </div> <!-- method -->
              <div class="method">
                <div class="method-content">
                  <a name="runScenario(&quot;Share upload link functionality&quot;, &quot;Personal Vault Share Upload&quot;)">
                  </a> <!-- runScenario("Share upload link functionality", "Personal Vault Share Upload") -->
                  <span class="method-name">runScenario</span>
                  <span class="parameters">("Share upload link functionality","Personal Vault Share Upload")</span>
                  <div class="stack-trace">org.openqa.selenium.TimeoutException: Expected condition failed: waiting for visibility of element located by By.xpath: //input[@placeholder=&apos;First Name&apos;] (tried for 20 second(s) with 500 milliseconds interval)
Build info: version: &apos;4.16.1&apos;, revision: &apos;9b4c83354e&apos;
System info: os.name: &apos;Windows 11&apos;, os.arch: &apos;amd64&apos;, os.version: &apos;10.0&apos;, java.version: &apos;17.0.7&apos;
Driver info: org.openqa.selenium.chrome.ChromeDriver
Capabilities {acceptInsecureCerts: false, browserName: chrome, browserVersion: 122.0.6261.95, chrome: {chromedriverVersion: 122.0.6261.94 (880dbf29479c..., userDataDir: C:\Users\Ashok\AppData\Loca...}, fedcm:accounts: true, goog:chromeOptions: {debuggerAddress: localhost:57207}, networkConnectionEnabled: false, pageLoadStrategy: normal, platformName: windows, proxy: Proxy(), se:cdp: ws://localhost:57207/devtoo..., se:cdpVersion: 122.0.6261.95, setWindowRect: true, strictFileInteractability: false, timeouts: {implicit: 0, pageLoad: 300000, script: 30000}, unhandledPromptBehavior: dismiss and notify, webauthn:extension:credBlob: true, webauthn:extension:largeBlob: true, webauthn:extension:minPinLength: true, webauthn:extension:prf: true, webauthn:virtualAuthenticators: true}
Session ID: b978a197b814efaa7c693156b25c6c37
	at org.openqa.selenium.support.ui.WebDriverWait.timeoutException(WebDriverWait.java:84)
	at org.openqa.selenium.support.ui.FluentWait.until(FluentWait.java:229)
	at com.qa.Utils.WebDriverWaits.waitForVisibilityOfElement(WebDriverWaits.java:24)
	at com.Pages.PersonalVault_ShareUploadLink.firstname(PersonalVault_ShareUploadLink.java:126)
	at parallel.PersonalVault_ShareUploadLinkSteps.user_shares_an_email(PersonalVault_ShareUploadLinkSteps.java:33)
	at ✽.User shares an email(classpath:parallel/Pvault_shareUploadLink.feature:12)

</div> <!-- stack-trace -->
                  <em>
(Runs Cucumber Scenarios)                  </em>
                </div> <!-- method-content -->
              </div> <!-- method -->
              <div class="method">
                <div class="method-content">
                  <a name="runScenario(&quot;Add and Verify a Medical Document&quot;, &quot;Medical Document Management Feature&quot;)">
                  </a> <!-- runScenario("Add and Verify a Medical Document", "Medical Document Management Feature") -->
                  <span class="method-name">runScenario</span>
                  <span class="parameters">("Add and Verify a Medical Document","Medical Document Management Feature")</span>
                  <div class="stack-trace">org.openqa.selenium.NoSuchElementException: no such element: Unable to locate element: {&quot;method&quot;:&quot;xpath&quot;,&quot;selector&quot;:&quot;//a[text()=&apos;Log In&apos;]&quot;}
  (Session info: chrome=122.0.6261.95)
For documentation on this error, please visit: https://www.selenium.dev/documentation/webdriver/troubleshooting/errors#no-such-element-exception
Build info: version: &apos;4.16.1&apos;, revision: &apos;9b4c83354e&apos;
System info: os.name: &apos;Windows 11&apos;, os.arch: &apos;amd64&apos;, os.version: &apos;10.0&apos;, java.version: &apos;17.0.7&apos;
Driver info: org.openqa.selenium.chrome.ChromeDriver
Command: [11950ca3bbf8b75a1835c88a8af75536, findElement {using=xpath, value=//a[text()=&apos;Log In&apos;]}]
Capabilities {acceptInsecureCerts: false, browserName: chrome, browserVersion: 122.0.6261.95, chrome: {chromedriverVersion: 122.0.6261.94 (880dbf29479c..., userDataDir: C:\Users\Ashok\AppData\Loca...}, fedcm:accounts: true, goog:chromeOptions: {debuggerAddress: localhost:57054}, networkConnectionEnabled: false, pageLoadStrategy: normal, platformName: windows, proxy: Proxy(), se:cdp: ws://localhost:57054/devtoo..., se:cdpVersion: 122.0.6261.95, setWindowRect: true, strictFileInteractability: false, timeouts: {implicit: 0, pageLoad: 300000, script: 30000}, unhandledPromptBehavior: dismiss and notify, webauthn:extension:credBlob: true, webauthn:extension:largeBlob: true, webauthn:extension:minPinLength: true, webauthn:extension:prf: true, webauthn:virtualAuthenticators: true}
Session ID: 11950ca3bbf8b75a1835c88a8af75536
	at jdk.internal.reflect.GeneratedConstructorAccessor16.newInstance(Unknown Source)
	at java.base/jdk.internal.reflect.DelegatingConstructorAccessorImpl.newInstance(DelegatingConstructorAccessorImpl.java:45)
	at java.base/java.lang.reflect.Constructor.newInstanceWithCaller(Constructor.java:499)
	at java.base/java.lang.reflect.Constructor.newInstance(Constructor.java:480)
	at org.openqa.selenium.remote.codec.w3c.W3CHttpResponseCodec.createException(W3CHttpResponseCodec.java:200)
	at org.openqa.selenium.remote.codec.w3c.W3CHttpResponseCodec.decode(W3CHttpResponseCodec.java:133)
	at org.openqa.selenium.remote.codec.w3c.W3CHttpResponseCodec.decode(W3CHttpResponseCodec.java:52)
	at org.openqa.selenium.remote.HttpCommandExecutor.execute(HttpCommandExecutor.java:191)
	at org.openqa.selenium.remote.service.DriverCommandExecutor.invokeExecute(DriverCommandExecutor.java:200)
	at org.openqa.selenium.remote.service.DriverCommandExecutor.execute(DriverCommandExecutor.java:175)
	at org.openqa.selenium.remote.RemoteWebDriver.execute(RemoteWebDriver.java:523)
	at org.openqa.selenium.remote.ElementLocation$ElementFinder$2.findElement(ElementLocation.java:165)
	at org.openqa.selenium.remote.ElementLocation.findElement(ElementLocation.java:59)
	at org.openqa.selenium.remote.RemoteWebDriver.findElement(RemoteWebDriver.java:360)
	at org.openqa.selenium.remote.RemoteWebDriver.findElement(RemoteWebDriver.java:354)
	at com.Pages.LoginPage.landPageLoginOption(LoginPage.java:32)
	at parallel.LoginPageSteps.user_clicks_on_landing_page_login(LoginPageSteps.java:41)
	at ✽.user clicks on LandingPageLogin(classpath:parallel/MedicalDocumentManage.feature:6)

</div> <!-- stack-trace -->
                  <em>
(Runs Cucumber Scenarios)                  </em>
                </div> <!-- method-content -->
              </div> <!-- method -->
              <div class="method">
                <div class="method-content">
                  <a name="runScenario(&quot;Login with valid credentials&quot;, &quot;login page feature&quot;)">
                  </a> <!-- runScenario("Login with valid credentials", "login page feature") -->
                  <span class="method-name">runScenario</span>
                  <span class="parameters">("Login with valid credentials","login page feature")</span>
                  <div class="stack-trace">org.openqa.selenium.NoSuchElementException: no such element: Unable to locate element: {&quot;method&quot;:&quot;xpath&quot;,&quot;selector&quot;:&quot;//a[text()=&apos;Log In&apos;]&quot;}
  (Session info: chrome=122.0.6261.95)
For documentation on this error, please visit: https://www.selenium.dev/documentation/webdriver/troubleshooting/errors#no-such-element-exception
Build info: version: &apos;4.16.1&apos;, revision: &apos;9b4c83354e&apos;
System info: os.name: &apos;Windows 11&apos;, os.arch: &apos;amd64&apos;, os.version: &apos;10.0&apos;, java.version: &apos;17.0.7&apos;
Driver info: org.openqa.selenium.chrome.ChromeDriver
Command: [58a818ca6f21acb47e210e9c5db0bb02, findElement {using=xpath, value=//a[text()=&apos;Log In&apos;]}]
Capabilities {acceptInsecureCerts: false, browserName: chrome, browserVersion: 122.0.6261.95, chrome: {chromedriverVersion: 122.0.6261.94 (880dbf29479c..., userDataDir: C:\Users\Ashok\AppData\Loca...}, fedcm:accounts: true, goog:chromeOptions: {debuggerAddress: localhost:57002}, networkConnectionEnabled: false, pageLoadStrategy: normal, platformName: windows, proxy: Proxy(), se:cdp: ws://localhost:57002/devtoo..., se:cdpVersion: 122.0.6261.95, setWindowRect: true, strictFileInteractability: false, timeouts: {implicit: 0, pageLoad: 300000, script: 30000}, unhandledPromptBehavior: dismiss and notify, webauthn:extension:credBlob: true, webauthn:extension:largeBlob: true, webauthn:extension:minPinLength: true, webauthn:extension:prf: true, webauthn:virtualAuthenticators: true}
Session ID: 58a818ca6f21acb47e210e9c5db0bb02
	at jdk.internal.reflect.GeneratedConstructorAccessor16.newInstance(Unknown Source)
	at java.base/jdk.internal.reflect.DelegatingConstructorAccessorImpl.newInstance(DelegatingConstructorAccessorImpl.java:45)
	at java.base/java.lang.reflect.Constructor.newInstanceWithCaller(Constructor.java:499)
	at java.base/java.lang.reflect.Constructor.newInstance(Constructor.java:480)
	at org.openqa.selenium.remote.codec.w3c.W3CHttpResponseCodec.createException(W3CHttpResponseCodec.java:200)
	at org.openqa.selenium.remote.codec.w3c.W3CHttpResponseCodec.decode(W3CHttpResponseCodec.java:133)
	at org.openqa.selenium.remote.codec.w3c.W3CHttpResponseCodec.decode(W3CHttpResponseCodec.java:52)
	at org.openqa.selenium.remote.HttpCommandExecutor.execute(HttpCommandExecutor.java:191)
	at org.openqa.selenium.remote.service.DriverCommandExecutor.invokeExecute(DriverCommandExecutor.java:200)
	at org.openqa.selenium.remote.service.DriverCommandExecutor.execute(DriverCommandExecutor.java:175)
	at org.openqa.selenium.remote.RemoteWebDriver.execute(RemoteWebDriver.java:523)
	at org.openqa.selenium.remote.ElementLocation$ElementFinder$2.findElement(ElementLocation.java:165)
	at org.openqa.selenium.remote.ElementLocation.findElement(ElementLocation.java:59)
	at org.openqa.selenium.remote.RemoteWebDriver.findElement(RemoteWebDriver.java:360)
	at org.openqa.selenium.remote.RemoteWebDriver.findElement(RemoteWebDriver.java:354)
	at com.Pages.LoginPage.landPageLoginOption(LoginPage.java:32)
	at parallel.LoginPageSteps.user_clicks_on_landing_page_login(LoginPageSteps.java:41)
	at ✽.user clicks on LandingPageLogin(classpath:parallel/LoginPage.feature:12)

</div> <!-- stack-trace -->
                  <em>
(Runs Cucumber Scenarios)                  </em>
                </div> <!-- method-content -->
              </div> <!-- method -->
              <div class="method">
                <div class="method-content">
                  <a name="runScenario(&quot;User Adds a Folder Under Subscriber Folder and Uploads a File into the New Folder&quot;, &quot;Upload a file ...)">
                  </a> <!-- runScenario("User Adds a Folder Under Subscriber Folder and Uploads a File into the New Folder", "Upload a file ...) -->
                  <span class="method-name">runScenario</span>
                  <span class="parameters">("User Adds a Folder Under Subscriber Folder and Uploads a File into the New Folder","Upload a file functionality into Photos and Videos")</span>
                  <div class="stack-trace">org.openqa.selenium.ElementClickInterceptedException: element click intercepted: Element &lt;button type=&quot;submit&quot; disableduringajax=&quot;&quot; class=&quot;primary_btn&quot;&gt;...&lt;/button&gt; is not clickable at point (825, 338). Other element would receive the click: &lt;button type=&quot;submit&quot; disableduringajax=&quot;&quot; class=&quot;primary_btn&quot;&gt;...&lt;/button&gt;
  (Session info: chrome=122.0.6261.95)
Build info: version: &apos;4.16.1&apos;, revision: &apos;9b4c83354e&apos;
System info: os.name: &apos;Windows 11&apos;, os.arch: &apos;amd64&apos;, os.version: &apos;10.0&apos;, java.version: &apos;17.0.7&apos;
Driver info: org.openqa.selenium.chrome.ChromeDriver
Command: [d4f4f18ed50a36fe483a0d4d183e1ff5, clickElement {id=f.4C2EAA42241A21771E2794C40E01D089.d.DD725E268CDF5C01CD3E1BD81DB5E7A7.e.94}]
Capabilities {acceptInsecureCerts: false, browserName: chrome, browserVersion: 122.0.6261.95, chrome: {chromedriverVersion: 122.0.6261.94 (880dbf29479c..., userDataDir: C:\Users\Ashok\AppData\Loca...}, fedcm:accounts: true, goog:chromeOptions: {debuggerAddress: localhost:62105}, networkConnectionEnabled: false, pageLoadStrategy: normal, platformName: windows, proxy: Proxy(), se:cdp: ws://localhost:62105/devtoo..., se:cdpVersion: 122.0.6261.95, setWindowRect: true, strictFileInteractability: false, timeouts: {implicit: 0, pageLoad: 300000, script: 30000}, unhandledPromptBehavior: dismiss and notify, webauthn:extension:credBlob: true, webauthn:extension:largeBlob: true, webauthn:extension:minPinLength: true, webauthn:extension:prf: true, webauthn:virtualAuthenticators: true}
Element: [[ChromeDriver: chrome on windows (d4f4f18ed50a36fe483a0d4d183e1ff5)] -&gt; xpath: //button[@type=&apos;submit&apos;]]
Session ID: d4f4f18ed50a36fe483a0d4d183e1ff5
	at java.base/jdk.internal.reflect.NativeConstructorAccessorImpl.newInstance0(Native Method)
	at java.base/jdk.internal.reflect.NativeConstructorAccessorImpl.newInstance(NativeConstructorAccessorImpl.java:77)
	at java.base/jdk.internal.reflect.DelegatingConstructorAccessorImpl.newInstance(DelegatingConstructorAccessorImpl.java:45)
	at java.base/java.lang.reflect.Constructor.newInstanceWithCaller(Constructor.java:499)
	at java.base/java.lang.reflect.Constructor.newInstance(Constructor.java:480)
	at org.openqa.selenium.remote.codec.w3c.W3CHttpResponseCodec.createException(W3CHttpResponseCodec.java:200)
	at org.openqa.selenium.remote.codec.w3c.W3CHttpResponseCodec.decode(W3CHttpResponseCodec.java:133)
	at org.openqa.selenium.remote.codec.w3c.W3CHttpResponseCodec.decode(W3CHttpResponseCodec.java:52)
	at org.openqa.selenium.remote.HttpCommandExecutor.execute(HttpCommandExecutor.java:191)
	at org.openqa.selenium.remote.service.DriverCommandExecutor.invokeExecute(DriverCommandExecutor.java:200)
	at org.openqa.selenium.remote.service.DriverCommandExecutor.execute(DriverCommandExecutor.java:175)
	at org.openqa.selenium.remote.RemoteWebDriver.execute(RemoteWebDriver.java:523)
	at org.openqa.selenium.remote.RemoteWebElement.execute(RemoteWebElement.java:224)
	at org.openqa.selenium.remote.RemoteWebElement.click(RemoteWebElement.java:77)
	at com.Pages.FileUpload_PhotosVideos.clickOnSubmitButton(FileUpload_PhotosVideos.java:139)
	at parallel.FileUpload_PhotosVideosSteps.user_clicks_on_the_submit_button_or_add(FileUpload_PhotosVideosSteps.java:104)
	at ✽.User clicks on the Submit button or Add(classpath:parallel/FileUpload_PhotosVideos.feature:39)

</div> <!-- stack-trace -->
                  <em>
(Runs Cucumber Scenarios)                  </em>
                </div> <!-- method-content -->
              </div> <!-- method -->
              <div class="method">
                <div class="method-content">
                  <a name="runScenario(&quot;General Legal upload JPG file upload&quot;, &quot;PersonalVault General Legal Information of Uploading Differ...)">
                  </a> <!-- runScenario("General Legal upload JPG file upload", "PersonalVault General Legal Information of Uploading Differ...) -->
                  <span class="method-name">runScenario</span>
                  <span class="parameters">("General Legal upload JPG file upload","PersonalVault General Legal Information of Uploading Different file types")</span>
                  <div class="stack-trace">org.openqa.selenium.NoSuchElementException: no such element: Unable to locate element: {&quot;method&quot;:&quot;xpath&quot;,&quot;selector&quot;:&quot;//p[contains(text(),&apos;General Legal Information&apos;)]&quot;}
  (Session info: chrome=122.0.6261.95)
For documentation on this error, please visit: https://www.selenium.dev/documentation/webdriver/troubleshooting/errors#no-such-element-exception
Build info: version: &apos;4.16.1&apos;, revision: &apos;9b4c83354e&apos;
System info: os.name: &apos;Windows 11&apos;, os.arch: &apos;amd64&apos;, os.version: &apos;10.0&apos;, java.version: &apos;17.0.7&apos;
Driver info: org.openqa.selenium.chrome.ChromeDriver
Command: [d8fc812a379a16eabe113ad15d21d2b8, findElement {using=xpath, value=//p[contains(text(),&apos;General Legal Information&apos;)]}]
Capabilities {acceptInsecureCerts: false, browserName: chrome, browserVersion: 122.0.6261.95, chrome: {chromedriverVersion: 122.0.6261.94 (880dbf29479c..., userDataDir: C:\Users\Ashok\AppData\Loca...}, fedcm:accounts: true, goog:chromeOptions: {debuggerAddress: localhost:62104}, networkConnectionEnabled: false, pageLoadStrategy: normal, platformName: windows, proxy: Proxy(), se:cdp: ws://localhost:62104/devtoo..., se:cdpVersion: 122.0.6261.95, setWindowRect: true, strictFileInteractability: false, timeouts: {implicit: 0, pageLoad: 300000, script: 30000}, unhandledPromptBehavior: dismiss and notify, webauthn:extension:credBlob: true, webauthn:extension:largeBlob: true, webauthn:extension:minPinLength: true, webauthn:extension:prf: true, webauthn:virtualAuthenticators: true}
Session ID: d8fc812a379a16eabe113ad15d21d2b8
	at jdk.internal.reflect.GeneratedConstructorAccessor16.newInstance(Unknown Source)
	at java.base/jdk.internal.reflect.DelegatingConstructorAccessorImpl.newInstance(DelegatingConstructorAccessorImpl.java:45)
	at java.base/java.lang.reflect.Constructor.newInstanceWithCaller(Constructor.java:499)
	at java.base/java.lang.reflect.Constructor.newInstance(Constructor.java:480)
	at org.openqa.selenium.remote.codec.w3c.W3CHttpResponseCodec.createException(W3CHttpResponseCodec.java:200)
	at org.openqa.selenium.remote.codec.w3c.W3CHttpResponseCodec.decode(W3CHttpResponseCodec.java:133)
	at org.openqa.selenium.remote.codec.w3c.W3CHttpResponseCodec.decode(W3CHttpResponseCodec.java:52)
	at org.openqa.selenium.remote.HttpCommandExecutor.execute(HttpCommandExecutor.java:191)
	at org.openqa.selenium.remote.service.DriverCommandExecutor.invokeExecute(DriverCommandExecutor.java:200)
	at org.openqa.selenium.remote.service.DriverCommandExecutor.execute(DriverCommandExecutor.java:175)
	at org.openqa.selenium.remote.RemoteWebDriver.execute(RemoteWebDriver.java:523)
	at org.openqa.selenium.remote.ElementLocation$ElementFinder$2.findElement(ElementLocation.java:165)
	at org.openqa.selenium.remote.ElementLocation.findElement(ElementLocation.java:59)
	at org.openqa.selenium.remote.RemoteWebDriver.findElement(RemoteWebDriver.java:360)
	at org.openqa.selenium.remote.RemoteWebDriver.findElement(RemoteWebDriver.java:354)
	at com.Pages.GeneralLegalPage_PersonalVault.clickgenerallegal(GeneralLegalPage_PersonalVault.java:28)
	at parallel.GeneralLegalPage_PersonalVaultSteps.user_clicks_on_general_legal_information(GeneralLegalPage_PersonalVaultSteps.java:18)
	at ✽.user clicks on general legal information(classpath:parallel/GeneralLegalPage_PersonalVault.feature:45)

</div> <!-- stack-trace -->
                  <em>
(Runs Cucumber Scenarios)                  </em>
                </div> <!-- method-content -->
              </div> <!-- method -->
              <div class="method">
                <div class="method-content">
                  <a name="runScenario(&quot;Add a Custom Folder and Verify Success&quot;, &quot;File Management Feature&quot;)">
                  </a> <!-- runScenario("Add a Custom Folder and Verify Success", "File Management Feature") -->
                  <span class="method-name">runScenario</span>
                  <span class="parameters">("Add a Custom Folder and Verify Success","File Management Feature")</span>
                  <div class="stack-trace">org.openqa.selenium.NoSuchElementException: no such element: Unable to locate element: {&quot;method&quot;:&quot;xpath&quot;,&quot;selector&quot;:&quot;//a[text()=&apos;Log In&apos;]&quot;}
  (Session info: chrome=122.0.6261.95)
For documentation on this error, please visit: https://www.selenium.dev/documentation/webdriver/troubleshooting/errors#no-such-element-exception
Build info: version: &apos;4.16.1&apos;, revision: &apos;9b4c83354e&apos;
System info: os.name: &apos;Windows 11&apos;, os.arch: &apos;amd64&apos;, os.version: &apos;10.0&apos;, java.version: &apos;17.0.7&apos;
Driver info: org.openqa.selenium.chrome.ChromeDriver
Command: [f4b268e2f339fb501ce2dc8d6ad95df6, findElement {using=xpath, value=//a[text()=&apos;Log In&apos;]}]
Capabilities {acceptInsecureCerts: false, browserName: chrome, browserVersion: 122.0.6261.95, chrome: {chromedriverVersion: 122.0.6261.94 (880dbf29479c..., userDataDir: C:\Users\Ashok\AppData\Loca...}, fedcm:accounts: true, goog:chromeOptions: {debuggerAddress: localhost:62096}, networkConnectionEnabled: false, pageLoadStrategy: normal, platformName: windows, proxy: Proxy(), se:cdp: ws://localhost:62096/devtoo..., se:cdpVersion: 122.0.6261.95, setWindowRect: true, strictFileInteractability: false, timeouts: {implicit: 0, pageLoad: 300000, script: 30000}, unhandledPromptBehavior: dismiss and notify, webauthn:extension:credBlob: true, webauthn:extension:largeBlob: true, webauthn:extension:minPinLength: true, webauthn:extension:prf: true, webauthn:virtualAuthenticators: true}
Session ID: f4b268e2f339fb501ce2dc8d6ad95df6
	at java.base/jdk.internal.reflect.NativeConstructorAccessorImpl.newInstance0(Native Method)
	at java.base/jdk.internal.reflect.NativeConstructorAccessorImpl.newInstance(NativeConstructorAccessorImpl.java:77)
	at java.base/jdk.internal.reflect.DelegatingConstructorAccessorImpl.newInstance(DelegatingConstructorAccessorImpl.java:45)
	at java.base/java.lang.reflect.Constructor.newInstanceWithCaller(Constructor.java:499)
	at java.base/java.lang.reflect.Constructor.newInstance(Constructor.java:480)
	at org.openqa.selenium.remote.codec.w3c.W3CHttpResponseCodec.createException(W3CHttpResponseCodec.java:200)
	at org.openqa.selenium.remote.codec.w3c.W3CHttpResponseCodec.decode(W3CHttpResponseCodec.java:133)
	at org.openqa.selenium.remote.codec.w3c.W3CHttpResponseCodec.decode(W3CHttpResponseCodec.java:52)
	at org.openqa.selenium.remote.HttpCommandExecutor.execute(HttpCommandExecutor.java:191)
	at org.openqa.selenium.remote.service.DriverCommandExecutor.invokeExecute(DriverCommandExecutor.java:200)
	at org.openqa.selenium.remote.service.DriverCommandExecutor.execute(DriverCommandExecutor.java:175)
	at org.openqa.selenium.remote.RemoteWebDriver.execute(RemoteWebDriver.java:523)
	at org.openqa.selenium.remote.ElementLocation$ElementFinder$2.findElement(ElementLocation.java:165)
	at org.openqa.selenium.remote.ElementLocation.findElement(ElementLocation.java:59)
	at org.openqa.selenium.remote.RemoteWebDriver.findElement(RemoteWebDriver.java:360)
	at org.openqa.selenium.remote.RemoteWebDriver.findElement(RemoteWebDriver.java:354)
	at com.Pages.LoginPage.landPageLoginOption(LoginPage.java:32)
	at parallel.LoginPageSteps.user_clicks_on_landing_page_login(LoginPageSteps.java:41)
	at ✽.user clicks on LandingPageLogin(classpath:parallel/AddCustomFolder.feature:7)

</div> <!-- stack-trace -->
                  <em>
(Runs Cucumber Scenarios)                  </em>
                </div> <!-- method-content -->
              </div> <!-- method -->
              <div class="method">
                <div class="method-content">
                  <a name="runScenario(&quot;General Legal upload XLSX file upload&quot;, &quot;PersonalVault General Legal Information of Uploading Diffe...)">
                  </a> <!-- runScenario("General Legal upload XLSX file upload", "PersonalVault General Legal Information of Uploading Diffe...) -->
                  <span class="method-name">runScenario</span>
                  <span class="parameters">("General Legal upload XLSX file upload","PersonalVault General Legal Information of Uploading Different file types")</span>
                  <div class="stack-trace">org.openqa.selenium.NoSuchElementException: no such element: Unable to locate element: {&quot;method&quot;:&quot;xpath&quot;,&quot;selector&quot;:&quot;//p[contains(text(),&apos;General Legal Information&apos;)]&quot;}
  (Session info: chrome=122.0.6261.95)
For documentation on this error, please visit: https://www.selenium.dev/documentation/webdriver/troubleshooting/errors#no-such-element-exception
Build info: version: &apos;4.16.1&apos;, revision: &apos;9b4c83354e&apos;
System info: os.name: &apos;Windows 11&apos;, os.arch: &apos;amd64&apos;, os.version: &apos;10.0&apos;, java.version: &apos;17.0.7&apos;
Driver info: org.openqa.selenium.chrome.ChromeDriver
Command: [2bd0de84647a2a6bc032e3c60290de8e, findElement {using=xpath, value=//p[contains(text(),&apos;General Legal Information&apos;)]}]
Capabilities {acceptInsecureCerts: false, browserName: chrome, browserVersion: 122.0.6261.95, chrome: {chromedriverVersion: 122.0.6261.94 (880dbf29479c..., userDataDir: C:\Users\Ashok\AppData\Loca...}, fedcm:accounts: true, goog:chromeOptions: {debuggerAddress: localhost:62722}, networkConnectionEnabled: false, pageLoadStrategy: normal, platformName: windows, proxy: Proxy(), se:cdp: ws://localhost:62722/devtoo..., se:cdpVersion: 122.0.6261.95, setWindowRect: true, strictFileInteractability: false, timeouts: {implicit: 0, pageLoad: 300000, script: 30000}, unhandledPromptBehavior: dismiss and notify, webauthn:extension:credBlob: true, webauthn:extension:largeBlob: true, webauthn:extension:minPinLength: true, webauthn:extension:prf: true, webauthn:virtualAuthenticators: true}
Session ID: 2bd0de84647a2a6bc032e3c60290de8e
	at jdk.internal.reflect.GeneratedConstructorAccessor16.newInstance(Unknown Source)
	at java.base/jdk.internal.reflect.DelegatingConstructorAccessorImpl.newInstance(DelegatingConstructorAccessorImpl.java:45)
	at java.base/java.lang.reflect.Constructor.newInstanceWithCaller(Constructor.java:499)
	at java.base/java.lang.reflect.Constructor.newInstance(Constructor.java:480)
	at org.openqa.selenium.remote.codec.w3c.W3CHttpResponseCodec.createException(W3CHttpResponseCodec.java:200)
	at org.openqa.selenium.remote.codec.w3c.W3CHttpResponseCodec.decode(W3CHttpResponseCodec.java:133)
	at org.openqa.selenium.remote.codec.w3c.W3CHttpResponseCodec.decode(W3CHttpResponseCodec.java:52)
	at org.openqa.selenium.remote.HttpCommandExecutor.execute(HttpCommandExecutor.java:191)
	at org.openqa.selenium.remote.service.DriverCommandExecutor.invokeExecute(DriverCommandExecutor.java:200)
	at org.openqa.selenium.remote.service.DriverCommandExecutor.execute(DriverCommandExecutor.java:175)
	at org.openqa.selenium.remote.RemoteWebDriver.execute(RemoteWebDriver.java:523)
	at org.openqa.selenium.remote.ElementLocation$ElementFinder$2.findElement(ElementLocation.java:165)
	at org.openqa.selenium.remote.ElementLocation.findElement(ElementLocation.java:59)
	at org.openqa.selenium.remote.RemoteWebDriver.findElement(RemoteWebDriver.java:360)
	at org.openqa.selenium.remote.RemoteWebDriver.findElement(RemoteWebDriver.java:354)
	at com.Pages.GeneralLegalPage_PersonalVault.clickgenerallegal(GeneralLegalPage_PersonalVault.java:28)
	at parallel.GeneralLegalPage_PersonalVaultSteps.user_clicks_on_general_legal_information(GeneralLegalPage_PersonalVaultSteps.java:18)
	at ✽.user clicks on general legal information(classpath:parallel/GeneralLegalPage_PersonalVault.feature:59)

</div> <!-- stack-trace -->
                  <em>
(Runs Cucumber Scenarios)                  </em>
                </div> <!-- method-content -->
              </div> <!-- method -->
              <div class="method">
                <div class="method-content">
                  <a name="runScenario(&quot;User uploads a file into VaccineCards folder&quot;, &quot;Medical Document Management Feature&quot;)">
                  </a> <!-- runScenario("User uploads a file into VaccineCards folder", "Medical Document Management Feature") -->
                  <span class="method-name">runScenario</span>
                  <span class="parameters">("User uploads a file into VaccineCards folder","Medical Document Management Feature")</span>
                  <div class="stack-trace">org.openqa.selenium.NoSuchElementException: no such element: Unable to locate element: {&quot;method&quot;:&quot;xpath&quot;,&quot;selector&quot;:&quot;//a[text()=&apos;Log In&apos;]&quot;}
  (Session info: chrome=122.0.6261.95)
For documentation on this error, please visit: https://www.selenium.dev/documentation/webdriver/troubleshooting/errors#no-such-element-exception
Build info: version: &apos;4.16.1&apos;, revision: &apos;9b4c83354e&apos;
System info: os.name: &apos;Windows 11&apos;, os.arch: &apos;amd64&apos;, os.version: &apos;10.0&apos;, java.version: &apos;17.0.7&apos;
Driver info: org.openqa.selenium.chrome.ChromeDriver
Command: [dc58d170d0452d04e181d7bb18c155dc, findElement {using=xpath, value=//a[text()=&apos;Log In&apos;]}]
Capabilities {acceptInsecureCerts: false, browserName: chrome, browserVersion: 122.0.6261.95, chrome: {chromedriverVersion: 122.0.6261.94 (880dbf29479c..., userDataDir: C:\Users\Ashok\AppData\Loca...}, fedcm:accounts: true, goog:chromeOptions: {debuggerAddress: localhost:57174}, networkConnectionEnabled: false, pageLoadStrategy: normal, platformName: windows, proxy: Proxy(), se:cdp: ws://localhost:57174/devtoo..., se:cdpVersion: 122.0.6261.95, setWindowRect: true, strictFileInteractability: false, timeouts: {implicit: 0, pageLoad: 300000, script: 30000}, unhandledPromptBehavior: dismiss and notify, webauthn:extension:credBlob: true, webauthn:extension:largeBlob: true, webauthn:extension:minPinLength: true, webauthn:extension:prf: true, webauthn:virtualAuthenticators: true}
Session ID: dc58d170d0452d04e181d7bb18c155dc
	at jdk.internal.reflect.GeneratedConstructorAccessor16.newInstance(Unknown Source)
	at java.base/jdk.internal.reflect.DelegatingConstructorAccessorImpl.newInstance(DelegatingConstructorAccessorImpl.java:45)
	at java.base/java.lang.reflect.Constructor.newInstanceWithCaller(Constructor.java:499)
	at java.base/java.lang.reflect.Constructor.newInstance(Constructor.java:480)
	at org.openqa.selenium.remote.codec.w3c.W3CHttpResponseCodec.createException(W3CHttpResponseCodec.java:200)
	at org.openqa.selenium.remote.codec.w3c.W3CHttpResponseCodec.decode(W3CHttpResponseCodec.java:133)
	at org.openqa.selenium.remote.codec.w3c.W3CHttpResponseCodec.decode(W3CHttpResponseCodec.java:52)
	at org.openqa.selenium.remote.HttpCommandExecutor.execute(HttpCommandExecutor.java:191)
	at org.openqa.selenium.remote.service.DriverCommandExecutor.invokeExecute(DriverCommandExecutor.java:200)
	at org.openqa.selenium.remote.service.DriverCommandExecutor.execute(DriverCommandExecutor.java:175)
	at org.openqa.selenium.remote.RemoteWebDriver.execute(RemoteWebDriver.java:523)
	at org.openqa.selenium.remote.ElementLocation$ElementFinder$2.findElement(ElementLocation.java:165)
	at org.openqa.selenium.remote.ElementLocation.findElement(ElementLocation.java:59)
	at org.openqa.selenium.remote.RemoteWebDriver.findElement(RemoteWebDriver.java:360)
	at org.openqa.selenium.remote.RemoteWebDriver.findElement(RemoteWebDriver.java:354)
	at com.Pages.LoginPage.landPageLoginOption(LoginPage.java:32)
	at parallel.LoginPageSteps.user_clicks_on_landing_page_login(LoginPageSteps.java:41)
	at ✽.user clicks on LandingPageLogin(classpath:parallel/MedicalDocumentManage.feature:6)

</div> <!-- stack-trace -->
                  <em>
(Runs Cucumber Scenarios)                  </em>
                </div> <!-- method-content -->
              </div> <!-- method -->
              <div class="method">
                <div class="method-content">
                  <a name="runScenario(&quot;General Legal upload PNG file upload&quot;, &quot;PersonalVault General Legal Information of Uploading Differ...)">
                  </a> <!-- runScenario("General Legal upload PNG file upload", "PersonalVault General Legal Information of Uploading Differ...) -->
                  <span class="method-name">runScenario</span>
                  <span class="parameters">("General Legal upload PNG file upload","PersonalVault General Legal Information of Uploading Different file types")</span>
                  <div class="stack-trace">org.openqa.selenium.NoSuchElementException: no such element: Unable to locate element: {&quot;method&quot;:&quot;xpath&quot;,&quot;selector&quot;:&quot;//p[contains(text(),&apos;General Legal Information&apos;)]&quot;}
  (Session info: chrome=122.0.6261.95)
For documentation on this error, please visit: https://www.selenium.dev/documentation/webdriver/troubleshooting/errors#no-such-element-exception
Build info: version: &apos;4.16.1&apos;, revision: &apos;9b4c83354e&apos;
System info: os.name: &apos;Windows 11&apos;, os.arch: &apos;amd64&apos;, os.version: &apos;10.0&apos;, java.version: &apos;17.0.7&apos;
Driver info: org.openqa.selenium.chrome.ChromeDriver
Command: [f272fe8c390670160bd9ba22dcfd144d, findElement {using=xpath, value=//p[contains(text(),&apos;General Legal Information&apos;)]}]
Capabilities {acceptInsecureCerts: false, browserName: chrome, browserVersion: 122.0.6261.95, chrome: {chromedriverVersion: 122.0.6261.94 (880dbf29479c..., userDataDir: C:\Users\Ashok\AppData\Loca...}, fedcm:accounts: true, goog:chromeOptions: {debuggerAddress: localhost:62103}, networkConnectionEnabled: false, pageLoadStrategy: normal, platformName: windows, proxy: Proxy(), se:cdp: ws://localhost:62103/devtoo..., se:cdpVersion: 122.0.6261.95, setWindowRect: true, strictFileInteractability: false, timeouts: {implicit: 0, pageLoad: 300000, script: 30000}, unhandledPromptBehavior: dismiss and notify, webauthn:extension:credBlob: true, webauthn:extension:largeBlob: true, webauthn:extension:minPinLength: true, webauthn:extension:prf: true, webauthn:virtualAuthenticators: true}
Session ID: f272fe8c390670160bd9ba22dcfd144d
	at jdk.internal.reflect.GeneratedConstructorAccessor16.newInstance(Unknown Source)
	at java.base/jdk.internal.reflect.DelegatingConstructorAccessorImpl.newInstance(DelegatingConstructorAccessorImpl.java:45)
	at java.base/java.lang.reflect.Constructor.newInstanceWithCaller(Constructor.java:499)
	at java.base/java.lang.reflect.Constructor.newInstance(Constructor.java:480)
	at org.openqa.selenium.remote.codec.w3c.W3CHttpResponseCodec.createException(W3CHttpResponseCodec.java:200)
	at org.openqa.selenium.remote.codec.w3c.W3CHttpResponseCodec.decode(W3CHttpResponseCodec.java:133)
	at org.openqa.selenium.remote.codec.w3c.W3CHttpResponseCodec.decode(W3CHttpResponseCodec.java:52)
	at org.openqa.selenium.remote.HttpCommandExecutor.execute(HttpCommandExecutor.java:191)
	at org.openqa.selenium.remote.service.DriverCommandExecutor.invokeExecute(DriverCommandExecutor.java:200)
	at org.openqa.selenium.remote.service.DriverCommandExecutor.execute(DriverCommandExecutor.java:175)
	at org.openqa.selenium.remote.RemoteWebDriver.execute(RemoteWebDriver.java:523)
	at org.openqa.selenium.remote.ElementLocation$ElementFinder$2.findElement(ElementLocation.java:165)
	at org.openqa.selenium.remote.ElementLocation.findElement(ElementLocation.java:59)
	at org.openqa.selenium.remote.RemoteWebDriver.findElement(RemoteWebDriver.java:360)
	at org.openqa.selenium.remote.RemoteWebDriver.findElement(RemoteWebDriver.java:354)
	at com.Pages.GeneralLegalPage_PersonalVault.clickgenerallegal(GeneralLegalPage_PersonalVault.java:28)
	at parallel.GeneralLegalPage_PersonalVaultSteps.user_clicks_on_general_legal_information(GeneralLegalPage_PersonalVaultSteps.java:18)
	at ✽.user clicks on general legal information(classpath:parallel/GeneralLegalPage_PersonalVault.feature:17)

</div> <!-- stack-trace -->
                  <em>
(Runs Cucumber Scenarios)                  </em>
                </div> <!-- method-content -->
              </div> <!-- method -->
              <div class="method">
                <div class="method-content">
                  <a name="runScenario(&quot;User takes the picture functionality&quot;, &quot;Medical Document Management Feature&quot;)">
                  </a> <!-- runScenario("User takes the picture functionality", "Medical Document Management Feature") -->
                  <span class="method-name">runScenario</span>
                  <span class="parameters">("User takes the picture functionality","Medical Document Management Feature")</span>
                  <div class="stack-trace">org.openqa.selenium.NoSuchElementException: no such element: Unable to locate element: {&quot;method&quot;:&quot;xpath&quot;,&quot;selector&quot;:&quot;//a[text()=&apos;Log In&apos;]&quot;}
  (Session info: chrome=122.0.6261.95)
For documentation on this error, please visit: https://www.selenium.dev/documentation/webdriver/troubleshooting/errors#no-such-element-exception
Build info: version: &apos;4.16.1&apos;, revision: &apos;9b4c83354e&apos;
System info: os.name: &apos;Windows 11&apos;, os.arch: &apos;amd64&apos;, os.version: &apos;10.0&apos;, java.version: &apos;17.0.7&apos;
Driver info: org.openqa.selenium.chrome.ChromeDriver
Command: [c904bc49fd59307b29f8b14c94ece520, findElement {using=xpath, value=//a[text()=&apos;Log In&apos;]}]
Capabilities {acceptInsecureCerts: false, browserName: chrome, browserVersion: 122.0.6261.95, chrome: {chromedriverVersion: 122.0.6261.94 (880dbf29479c..., userDataDir: C:\Users\Ashok\AppData\Loca...}, fedcm:accounts: true, goog:chromeOptions: {debuggerAddress: localhost:57099}, networkConnectionEnabled: false, pageLoadStrategy: normal, platformName: windows, proxy: Proxy(), se:cdp: ws://localhost:57099/devtoo..., se:cdpVersion: 122.0.6261.95, setWindowRect: true, strictFileInteractability: false, timeouts: {implicit: 0, pageLoad: 300000, script: 30000}, unhandledPromptBehavior: dismiss and notify, webauthn:extension:credBlob: true, webauthn:extension:largeBlob: true, webauthn:extension:minPinLength: true, webauthn:extension:prf: true, webauthn:virtualAuthenticators: true}
Session ID: c904bc49fd59307b29f8b14c94ece520
	at jdk.internal.reflect.GeneratedConstructorAccessor16.newInstance(Unknown Source)
	at java.base/jdk.internal.reflect.DelegatingConstructorAccessorImpl.newInstance(DelegatingConstructorAccessorImpl.java:45)
	at java.base/java.lang.reflect.Constructor.newInstanceWithCaller(Constructor.java:499)
	at java.base/java.lang.reflect.Constructor.newInstance(Constructor.java:480)
	at org.openqa.selenium.remote.codec.w3c.W3CHttpResponseCodec.createException(W3CHttpResponseCodec.java:200)
	at org.openqa.selenium.remote.codec.w3c.W3CHttpResponseCodec.decode(W3CHttpResponseCodec.java:133)
	at org.openqa.selenium.remote.codec.w3c.W3CHttpResponseCodec.decode(W3CHttpResponseCodec.java:52)
	at org.openqa.selenium.remote.HttpCommandExecutor.execute(HttpCommandExecutor.java:191)
	at org.openqa.selenium.remote.service.DriverCommandExecutor.invokeExecute(DriverCommandExecutor.java:200)
	at org.openqa.selenium.remote.service.DriverCommandExecutor.execute(DriverCommandExecutor.java:175)
	at org.openqa.selenium.remote.RemoteWebDriver.execute(RemoteWebDriver.java:523)
	at org.openqa.selenium.remote.ElementLocation$ElementFinder$2.findElement(ElementLocation.java:165)
	at org.openqa.selenium.remote.ElementLocation.findElement(ElementLocation.java:59)
	at org.openqa.selenium.remote.RemoteWebDriver.findElement(RemoteWebDriver.java:360)
	at org.openqa.selenium.remote.RemoteWebDriver.findElement(RemoteWebDriver.java:354)
	at com.Pages.LoginPage.landPageLoginOption(LoginPage.java:32)
	at parallel.LoginPageSteps.user_clicks_on_landing_page_login(LoginPageSteps.java:41)
	at ✽.user clicks on LandingPageLogin(classpath:parallel/MedicalDocumentManage.feature:6)

</div> <!-- stack-trace -->
                  <em>
(Runs Cucumber Scenarios)                  </em>
                </div> <!-- method-content -->
              </div> <!-- method -->
            </div> <!-- main-panel-content rounded-window-bottom -->
          </div> <!-- suite-Default_suite-class-failed -->
          <div class="suite-Default_suite-class-passed">
            <div class="main-panel-header rounded-window-top">
              <img src="passed.png"/>
              <span class="class-name">parallel.ParallelRun</span>
            </div> <!-- main-panel-header rounded-window-top -->
            <div class="main-panel-content rounded-window-bottom">
              <div class="method">
                <div class="method-content">
                  <a name="runScenario(&quot;General Legal upload PDF file upload&quot;, &quot;PersonalVault General Legal Information of Uploading Differ...)">
                  </a> <!-- runScenario("General Legal upload PDF file upload", "PersonalVault General Legal Information of Uploading Differ...) -->
                  <span class="method-name">runScenario</span>
                  <span class="parameters">("General Legal upload PDF file upload","PersonalVault General Legal Information of Uploading Different file types")</span>
                  <em>
(Runs Cucumber Scenarios)                  </em>
                </div> <!-- method-content -->
              </div> <!-- method -->
              <div class="method">
                <div class="method-content">
                  <a name="runScenario(&quot;Accounts page title&quot;, &quot;Account Page feature&quot;)">
                  </a> <!-- runScenario("Accounts page title", "Account Page feature") -->
                  <span class="method-name">runScenario</span>
                  <span class="parameters">("Accounts page title","Account Page feature")</span>
                  <em>
(Runs Cucumber Scenarios)                  </em>
                </div> <!-- method-content -->
              </div> <!-- method -->
              <div class="method">
                <div class="method-content">
                  <a name="runScenario(&quot;Uploading a file using Add option under Photos videos&quot;, &quot;Upload a file functionality into Photos an...)">
                  </a> <!-- runScenario("Uploading a file using Add option under Photos videos", "Upload a file functionality into Photos an...) -->
                  <span class="method-name">runScenario</span>
                  <span class="parameters">("Uploading a file using Add option under Photos videos","Upload a file functionality into Photos and Videos")</span>
                  <em>
(Runs Cucumber Scenarios)                  </em>
                </div> <!-- method-content -->
              </div> <!-- method -->
              <div class="method">
                <div class="method-content">
                  <a name="runScenario(&quot;Login page title&quot;, &quot;login page feature&quot;)">
                  </a> <!-- runScenario("Login page title", "login page feature") -->
                  <span class="method-name">runScenario</span>
                  <span class="parameters">("Login page title","login page feature")</span>
                  <em>
(Runs Cucumber Scenarios)                  </em>
                </div> <!-- method-content -->
              </div> <!-- method -->
              <div class="method">
                <div class="method-content">
                  <a name="runScenario(&quot;Accounts section count&quot;, &quot;Account Page feature&quot;)">
                  </a> <!-- runScenario("Accounts section count", "Account Page feature") -->
                  <span class="method-name">runScenario</span>
                  <span class="parameters">("Accounts section count","Account Page feature")</span>
                  <em>
(Runs Cucumber Scenarios)                  </em>
                </div> <!-- method-content -->
              </div> <!-- method -->
              <div class="method">
                <div class="method-content">
                  <a name="runScenario(&quot;Uploading a file using Click to Upload&quot;, &quot;Upload a file functionality into Photos and Videos&quot;)">
                  </a> <!-- runScenario("Uploading a file using Click to Upload", "Upload a file functionality into Photos and Videos") -->
                  <span class="method-name">runScenario</span>
                  <span class="parameters">("Uploading a file using Click to Upload","Upload a file functionality into Photos and Videos")</span>
                  <em>
(Runs Cucumber Scenarios)                  </em>
                </div> <!-- method-content -->
              </div> <!-- method -->
              <div class="method">
                <div class="method-content">
                  <a name="runScenario(&quot;User Creates Monthly Recurring Calendar Event with Reminder&quot;, &quot;Calendar Event Creation with Recurri...)">
                  </a> <!-- runScenario("User Creates Monthly Recurring Calendar Event with Reminder", "Calendar Event Creation with Recurri...) -->
                  <span class="method-name">runScenario</span>
                  <span class="parameters">("User Creates Monthly Recurring Calendar Event with Reminder","Calendar Event Creation with Recurring and Reminder Options")</span>
                  <em>
(Runs Cucumber Scenarios)                  </em>
                </div> <!-- method-content -->
              </div> <!-- method -->
            </div> <!-- main-panel-content rounded-window-bottom -->
          </div> <!-- suite-Default_suite-class-passed -->
        </div> <!-- panel Default_suite -->
        <div panel-name="test-xml-Default_suite" class="panel">
          <div class="main-panel-header rounded-window-top">
            <span class="header-content">C:\Users\Ashok\AppData\Local\Temp\testng-eclipse-624085408\testng-customsuite.xml</span>
          </div> <!-- main-panel-header rounded-window-top -->
          <div class="main-panel-content rounded-window-bottom">
            <pre>
&lt;?xml version=&quot;1.0&quot; encoding=&quot;UTF-8&quot;?&gt;
&lt;!DOCTYPE suite SYSTEM &quot;https://testng.org/testng-1.0.dtd&quot;&gt;
&lt;suite name=&quot;Default suite&quot; guice-stage=&quot;DEVELOPMENT&quot;&gt;
  &lt;test thread-count=&quot;5&quot; name=&quot;Default test&quot; verbose=&quot;2&quot;&gt;
    &lt;classes&gt;
      &lt;class name=&quot;parallel.ParallelRun&quot;/&gt;
    &lt;/classes&gt;
  &lt;/test&gt; &lt;!-- Default test --&gt;
&lt;/suite&gt; &lt;!-- Default suite --&gt;
            </pre>
          </div> <!-- main-panel-content rounded-window-bottom -->
        </div> <!-- panel -->
        <div panel-name="testlist-Default_suite" class="panel">
          <div class="main-panel-header rounded-window-top">
            <span class="header-content">Tests for Default suite</span>
          </div> <!-- main-panel-header rounded-window-top -->
          <div class="main-panel-content rounded-window-bottom">
            <ul>
              <li>
                <span class="test-name">Default test (1 class)</span>
              </li>
            </ul>
          </div> <!-- main-panel-content rounded-window-bottom -->
        </div> <!-- panel -->
        <div panel-name="group-Default_suite" class="panel">
          <div class="main-panel-header rounded-window-top">
            <span class="header-content">Groups for Default suite</span>
          </div> <!-- main-panel-header rounded-window-top -->
          <div class="main-panel-content rounded-window-bottom">
            <div class="test-group">
              <span class="test-group-name">cucumber</span>
              <br/>
              <div class="method-in-group">
                <span class="method-in-group-name">runScenario</span>
                <br/>
              </div> <!-- method-in-group -->
            </div> <!-- test-group -->
          </div> <!-- main-panel-content rounded-window-bottom -->
        </div> <!-- panel -->
        <div panel-name="times-Default_suite" class="panel">
          <div class="main-panel-header rounded-window-top">
            <span class="header-content">Times for Default suite</span>
          </div> <!-- main-panel-header rounded-window-top -->
          <div class="main-panel-content rounded-window-bottom">
            <div class="times-div">
              <script type="text/javascript">
suiteTableInitFunctions.push('tableData_Default_suite');
function tableData_Default_suite() {
var data = new google.visualization.DataTable();
data.addColumn('number', 'Number');
data.addColumn('string', 'Method');
data.addColumn('string', 'Class');
data.addColumn('number', 'Time (ms)');
data.addRows(20);
data.setCell(0, 0, 0)
data.setCell(0, 1, 'runScenario')
data.setCell(0, 2, 'parallel.ParallelRun')
data.setCell(0, 3, 100553);
data.setCell(1, 0, 1)
data.setCell(1, 1, 'runScenario')
data.setCell(1, 2, 'parallel.ParallelRun')
data.setCell(1, 3, 100290);
data.setCell(2, 0, 2)
data.setCell(2, 1, 'runScenario')
data.setCell(2, 2, 'parallel.ParallelRun')
data.setCell(2, 3, 99171);
data.setCell(3, 0, 3)
data.setCell(3, 1, 'runScenario')
data.setCell(3, 2, 'parallel.ParallelRun')
data.setCell(3, 3, 97241);
data.setCell(4, 0, 4)
data.setCell(4, 1, 'runScenario')
data.setCell(4, 2, 'parallel.ParallelRun')
data.setCell(4, 3, 85866);
data.setCell(5, 0, 5)
data.setCell(5, 1, 'runScenario')
data.setCell(5, 2, 'parallel.ParallelRun')
data.setCell(5, 3, 80032);
data.setCell(6, 0, 6)
data.setCell(6, 1, 'runScenario')
data.setCell(6, 2, 'parallel.ParallelRun')
data.setCell(6, 3, 77722);
data.setCell(7, 0, 7)
data.setCell(7, 1, 'runScenario')
data.setCell(7, 2, 'parallel.ParallelRun')
data.setCell(7, 3, 65880);
data.setCell(8, 0, 8)
data.setCell(8, 1, 'runScenario')
data.setCell(8, 2, 'parallel.ParallelRun')
data.setCell(8, 3, 64379);
data.setCell(9, 0, 9)
data.setCell(9, 1, 'runScenario')
data.setCell(9, 2, 'parallel.ParallelRun')
data.setCell(9, 3, 59910);
data.setCell(10, 0, 10)
data.setCell(10, 1, 'runScenario')
data.setCell(10, 2, 'parallel.ParallelRun')
data.setCell(10, 3, 54538);
data.setCell(11, 0, 11)
data.setCell(11, 1, 'runScenario')
data.setCell(11, 2, 'parallel.ParallelRun')
data.setCell(11, 3, 54084);
data.setCell(12, 0, 12)
data.setCell(12, 1, 'runScenario')
data.setCell(12, 2, 'parallel.ParallelRun')
data.setCell(12, 3, 52397);
data.setCell(13, 0, 13)
data.setCell(13, 1, 'runScenario')
data.setCell(13, 2, 'parallel.ParallelRun')
data.setCell(13, 3, 29942);
data.setCell(14, 0, 14)
data.setCell(14, 1, 'runScenario')
data.setCell(14, 2, 'parallel.ParallelRun')
data.setCell(14, 3, 21681);
data.setCell(15, 0, 15)
data.setCell(15, 1, 'runScenario')
data.setCell(15, 2, 'parallel.ParallelRun')
data.setCell(15, 3, 10812);
data.setCell(16, 0, 16)
data.setCell(16, 1, 'runScenario')
data.setCell(16, 2, 'parallel.ParallelRun')
data.setCell(16, 3, 9729);
data.setCell(17, 0, 17)
data.setCell(17, 1, 'runScenario')
data.setCell(17, 2, 'parallel.ParallelRun')
data.setCell(17, 3, 9110);
data.setCell(18, 0, 18)
data.setCell(18, 1, 'runScenario')
data.setCell(18, 2, 'parallel.ParallelRun')
data.setCell(18, 3, 7672);
data.setCell(19, 0, 19)
data.setCell(19, 1, 'runScenario')
data.setCell(19, 2, 'parallel.ParallelRun')
data.setCell(19, 3, 5651);
window.suiteTableData['Default_suite']= { tableData: data, tableDiv: 'times-div-Default_suite'}
return data;
}
              </script>
              <span class="suite-total-time">Total running time: 18 minutes</span>
              <div id="times-div-Default_suite">
              </div> <!-- times-div-Default_suite -->
            </div> <!-- times-div -->
          </div> <!-- main-panel-content rounded-window-bottom -->
        </div> <!-- panel -->
        <div panel-name="reporter-Default_suite" class="panel">
          <div class="main-panel-header rounded-window-top">
            <span class="header-content">Reporter output for Default suite</span>
          </div> <!-- main-panel-header rounded-window-top -->
          <div class="main-panel-content rounded-window-bottom">
          </div> <!-- main-panel-content rounded-window-bottom -->
        </div> <!-- panel -->
        <div panel-name="ignored-methods-Default_suite" class="panel">
          <div class="main-panel-header rounded-window-top">
            <span class="header-content">0 ignored methods</span>
          </div> <!-- main-panel-header rounded-window-top -->
          <div class="main-panel-content rounded-window-bottom">
          </div> <!-- main-panel-content rounded-window-bottom -->
        </div> <!-- panel -->
        <div panel-name="chronological-Default_suite" class="panel">
          <div class="main-panel-header rounded-window-top">
            <span class="header-content">Methods in chronological order</span>
          </div> <!-- main-panel-header rounded-window-top -->
          <div class="main-panel-content rounded-window-bottom">
            <div class="chronological-class">
              <div class="chronological-class-name">parallel.ParallelRun</div> <!-- chronological-class-name -->
              <div class="configuration-class before">
                <span class="method-name">setUpClass(org.testng.TestRunner@4e28bdd1)</span>
                <span class="method-start">0 ms</span>
              </div> <!-- configuration-class before -->
              <div class="test-method">
                <span class="method-name">runScenario("General Legal upload PDF file upload", "PersonalVault General Legal Information of Uploading Differ...)</span>
                <span class="method-start">291 ms</span>
              </div> <!-- test-method -->
              <div class="test-method">
                <span class="method-name">runScenario("Uploading a file using Add option under Photos videos", "Upload a file functionality into Photos an...)</span>
                <span class="method-start">291 ms</span>
              </div> <!-- test-method -->
              <div class="test-method">
                <img src="failed.png">
                </img>
                <span class="method-name">runScenario("User Adds a Folder Under Subscriber Folder and Uploads a File into the New Folder", "Upload a file ...)</span>
                <span class="method-start">291 ms</span>
              </div> <!-- test-method -->
              <div class="test-method">
                <span class="method-name">runScenario("Accounts page title", "Account Page feature")</span>
                <span class="method-start">291 ms</span>
              </div> <!-- test-method -->
              <div class="test-method">
                <img src="failed.png">
                </img>
                <span class="method-name">runScenario("General Legal upload JPG file upload", "PersonalVault General Legal Information of Uploading Differ...)</span>
                <span class="method-start">291 ms</span>
              </div> <!-- test-method -->
              <div class="test-method">
                <img src="failed.png">
                </img>
                <span class="method-name">runScenario("Add a Custom Folder and Verify Success", "File Management Feature")</span>
                <span class="method-start">291 ms</span>
              </div> <!-- test-method -->
              <div class="test-method">
                <span class="method-name">runScenario("Accounts section count", "Account Page feature")</span>
                <span class="method-start">291 ms</span>
              </div> <!-- test-method -->
              <div class="test-method">
                <span class="method-name">runScenario("Uploading a file using Click to Upload", "Upload a file functionality into Photos and Videos")</span>
                <span class="method-start">291 ms</span>
              </div> <!-- test-method -->
              <div class="test-method">
                <img src="failed.png">
                </img>
                <span class="method-name">runScenario("General Legal upload PNG file upload", "PersonalVault General Legal Information of Uploading Differ...)</span>
                <span class="method-start">291 ms</span>
              </div> <!-- test-method -->
              <div class="test-method">
                <span class="method-name">runScenario("User Creates Monthly Recurring Calendar Event with Reminder", "Calendar Event Creation with Recurri...)</span>
                <span class="method-start">291 ms</span>
              </div> <!-- test-method -->
              <div class="test-method">
                <img src="failed.png">
                </img>
                <span class="method-name">runScenario("General Legal upload XLSX file upload", "PersonalVault General Legal Information of Uploading Diffe...)</span>
                <span class="method-start">30259 ms</span>
              </div> <!-- test-method -->
              <div class="test-method">
                <img src="failed.png">
                </img>
                <span class="method-name">runScenario("General Legal upload JPEG file upload", "PersonalVault General Legal Information of Uploading Diffe...)</span>
                <span class="method-start">54836 ms</span>
              </div> <!-- test-method -->
              <div class="test-method">
                <img src="failed.png">
                </img>
                <span class="method-name">runScenario("General Legal upload TXT file upload", "PersonalVault General Legal Information of Uploading Differ...)</span>
                <span class="method-start">60202 ms</span>
              </div> <!-- test-method -->
              <div class="test-method">
                <img src="failed.png">
                </img>
                <span class="method-name">runScenario("Legacy Video Record Workflow", "Legacy Video Record")</span>
                <span class="method-start">66173 ms</span>
              </div> <!-- test-method -->
              <div class="test-method">
                <span class="method-name">runScenario("Login page title", "login page feature")</span>
                <span class="method-start">78016 ms</span>
              </div> <!-- test-method -->
              <div class="test-method">
                <img src="failed.png">
                </img>
                <span class="method-name">runScenario("Login with valid credentials", "login page feature")</span>
                <span class="method-start">80325 ms</span>
              </div> <!-- test-method -->
              <div class="test-method">
                <img src="failed.png">
                </img>
                <span class="method-name">runScenario("Add and Verify a Medical Document", "Medical Document Management Feature")</span>
                <span class="method-start">83668 ms</span>
              </div> <!-- test-method -->
              <div class="test-method">
                <img src="failed.png">
                </img>
                <span class="method-name">runScenario("User takes the picture functionality", "Medical Document Management Feature")</span>
                <span class="method-start">87855 ms</span>
              </div> <!-- test-method -->
              <div class="test-method">
                <img src="failed.png">
                </img>
                <span class="method-name">runScenario("User uploads a file into VaccineCards folder", "Medical Document Management Feature")</span>
                <span class="method-start">90057 ms</span>
              </div> <!-- test-method -->
              <div class="test-method">
                <img src="failed.png">
                </img>
                <span class="method-name">runScenario("Share upload link functionality", "Personal Vault Share Upload")</span>
                <span class="method-start">91342 ms</span>
              </div> <!-- test-method -->
              <div class="configuration-class after">
                <span class="method-name">tearDownClass</span>
                <span class="method-start">145431 ms</span>
              </div> <!-- configuration-class after -->
          </div> <!-- main-panel-content rounded-window-bottom -->
        </div> <!-- panel -->
      </div> <!-- main-panel-root -->
    </div> <!-- wrapper -->
  </body>
<script type="text/javascript" src="testng-reports2.js"></script>
</html>
